<?xml version="1.0" encoding="UTF-8"?>
<!-- Generated by org.testng.reporters.JUnitReportReporter -->
<testsuite skipped="0" hostname="HPDB0271" name="com.qainfotech.automation.Junit_tatoc.AppTest" tests="1" failures="0" timestamp="21 Jun 2018 06:49:32 GMT" time="5.867" errors="0">
  <testcase name="basic_selenium_automation" time="5.867" classname="com.qainfotech.automation.Junit_tatoc.AppTest"/>
</testsuite> <!-- com.qainfotech.automation.Junit_tatoc.AppTest -->
